{"C:\\Users\\alext\\webhook-handler\\src\\backend\\errors.ts": {"path":"C:\\Users\\alext\\webhook-handler\\src\\backend\\errors.ts","statementMap":{"0":{"start":{"line":7,"column":2},"end":{"line":7,"column":17}},"1":{"start":{"line":8,"column":2},"end":{"line":8,"column":34}},"2":{"start":{"line":9,"column":2},"end":{"line":9,"column":27}},"3":{"start":{"line":3,"column":0},"end":{"line":3,"column":13}}},"fnMap":{"0":{"name":"(anonymous_0)","decl":{"start":{"line":6,"column":1},"end":{"line":6,"column":13}},"loc":{"start":{"line":6,"column":48},"end":{"line":10,"column":2}}}},"branchMap":{},"s":{"0":0,"1":0,"2":0,"3":1},"f":{"0":0},"b":{}}
,"C:\\Users\\alext\\webhook-handler\\src\\backend\\logger.ts": {"path":"C:\\Users\\alext\\webhook-handler\\src\\backend\\logger.ts","statementMap":{"0":{"start":{"line":6,"column":2},"end":{"line":6,"column":33}},"1":{"start":{"line":7,"column":2},"end":{"line":7,"column":45}},"2":{"start":{"line":8,"column":2},"end":{"line":8,"column":41}},"3":{"start":{"line":11,"column":2},"end":{"line":11,"column":17}},"4":{"start":{"line":15,"column":2},"end":{"line":17,"column":3}},"5":{"start":{"line":16,"column":3},"end":{"line":16,"column":34}},"6":{"start":{"line":18,"column":2},"end":{"line":18,"column":25}},"7":{"start":{"line":22,"column":20},"end":{"line":22,"column":44}},"8":{"start":{"line":23,"column":2},"end":{"line":23,"column":42}},"9":{"start":{"line":27,"column":20},"end":{"line":27,"column":44}},"10":{"start":{"line":28,"column":2},"end":{"line":28,"column":44}},"11":{"start":{"line":32,"column":2},"end":{"line":32,"column":17}},"12":{"start":{"line":36,"column":2},"end":{"line":36,"column":19}},"13":{"start":{"line":40,"column":20},"end":{"line":40,"column":44}},"14":{"start":{"line":41,"column":2},"end":{"line":41,"column":45}},"15":{"start":{"line":43,"column":2},"end":{"line":43,"column":19}},"16":{"start":{"line":1,"column":0},"end":{"line":1,"column":13}}},"fnMap":{"0":{"name":"(anonymous_0)","decl":{"start":{"line":5,"column":1},"end":{"line":5,"column":null}},"loc":{"start":{"line":5,"column":1},"end":{"line":12,"column":2}}},"1":{"name":"(anonymous_1)","decl":{"start":{"line":14,"column":8},"end":{"line":14,"column":14}},"loc":{"start":{"line":14,"column":26},"end":{"line":19,"column":2}}},"2":{"name":"(anonymous_2)","decl":{"start":{"line":21,"column":1},"end":{"line":21,"column":4}},"loc":{"start":{"line":21,"column":20},"end":{"line":24,"column":2}}},"3":{"name":"(anonymous_3)","decl":{"start":{"line":26,"column":1},"end":{"line":26,"column":9}},"loc":{"start":{"line":26,"column":25},"end":{"line":29,"column":2}}},"4":{"name":"(anonymous_4)","decl":{"start":{"line":31,"column":1},"end":{"line":31,"column":10}},"loc":{"start":{"line":31,"column":10},"end":{"line":33,"column":2}}},"5":{"name":"(anonymous_5)","decl":{"start":{"line":35,"column":1},"end":{"line":35,"column":8}},"loc":{"start":{"line":35,"column":8},"end":{"line":37,"column":2}}},"6":{"name":"(anonymous_6)","decl":{"start":{"line":39,"column":9},"end":{"line":39,"column":19}},"loc":{"start":{"line":39,"column":35},"end":{"line":44,"column":2}}}},"branchMap":{"0":{"loc":{"start":{"line":15,"column":2},"end":{"line":17,"column":3}},"type":"if","locations":[{"start":{"line":15,"column":2},"end":{"line":17,"column":3}}]}},"s":{"0":1,"1":1,"2":1,"3":1,"4":6,"5":1,"6":6,"7":3,"8":3,"9":1,"10":1,"11":6,"12":4,"13":4,"14":4,"15":4,"16":1},"f":{"0":1,"1":6,"2":3,"3":1,"4":6,"5":4,"6":4},"b":{"0":[1]}}
,"C:\\Users\\alext\\webhook-handler\\src\\backend\\oauth2-auth-service.ts": {"path":"C:\\Users\\alext\\webhook-handler\\src\\backend\\oauth2-auth-service.ts","statementMap":{"0":{"start":{"line":2,"column":0},"end":{"line":2,"column":38}},"1":{"start":{"line":3,"column":0},"end":{"line":3,"column":34}},"2":{"start":{"line":4,"column":0},"end":{"line":4,"column":32}},"3":{"start":{"line":5,"column":0},"end":{"line":5,"column":39}},"4":{"start":{"line":6,"column":0},"end":{"line":6,"column":42}},"5":{"start":{"line":32,"column":2},"end":{"line":32,"column":27}},"6":{"start":{"line":33,"column":2},"end":{"line":33,"column":35}},"7":{"start":{"line":34,"column":2},"end":{"line":34,"column":35}},"8":{"start":{"line":35,"column":2},"end":{"line":35,"column":33}},"9":{"start":{"line":36,"column":2},"end":{"line":36,"column":27}},"10":{"start":{"line":38,"column":2},"end":{"line":38,"column":26}},"11":{"start":{"line":39,"column":2},"end":{"line":39,"column":27}},"12":{"start":{"line":40,"column":2},"end":{"line":40,"column":29}},"13":{"start":{"line":44,"column":17},"end":{"line":44,"column":38}},"14":{"start":{"line":45,"column":2},"end":{"line":45,"column":44}},"15":{"start":{"line":46,"column":2},"end":{"line":46,"column":50}},"16":{"start":{"line":47,"column":2},"end":{"line":47,"column":41}},"17":{"start":{"line":48,"column":2},"end":{"line":48,"column":32}},"18":{"start":{"line":49,"column":2},"end":{"line":49,"column":32}},"19":{"start":{"line":51,"column":27},"end":{"line":51,"column":70}},"20":{"start":{"line":52,"column":2},"end":{"line":52,"column":37}},"21":{"start":{"line":56,"column":2},"end":{"line":64,"column":3}},"22":{"start":{"line":57,"column":3},"end":{"line":60,"column":6}},"23":{"start":{"line":58,"column":4},"end":{"line":60,"column":6}},"24":{"start":{"line":62,"column":3},"end":{"line":62,"column":41}},"25":{"start":{"line":63,"column":3},"end":{"line":63,"column":27}},"26":{"start":{"line":66,"column":2},"end":{"line":74,"column":3}},"27":{"start":{"line":67,"column":3},"end":{"line":71,"column":4}},"28":{"start":{"line":68,"column":4},"end":{"line":68,"column":36}},"29":{"start":{"line":70,"column":4},"end":{"line":70,"column":74}},"30":{"start":{"line":73,"column":3},"end":{"line":73,"column":27}},"31":{"start":{"line":76,"column":2},"end":{"line":76,"column":26}},"32":{"start":{"line":80,"column":17},"end":{"line":80,"column":38}},"33":{"start":{"line":81,"column":2},"end":{"line":81,"column":44}},"34":{"start":{"line":82,"column":2},"end":{"line":82,"column":52}},"35":{"start":{"line":83,"column":2},"end":{"line":83,"column":50}},"36":{"start":{"line":84,"column":2},"end":{"line":84,"column":52}},"37":{"start":{"line":85,"column":2},"end":{"line":85,"column":30}},"38":{"start":{"line":87,"column":2},"end":{"line":87,"column":38}},"39":{"start":{"line":91,"column":2},"end":{"line":92,"column":74}},"40":{"start":{"line":92,"column":3},"end":{"line":92,"column":74}},"41":{"start":{"line":94,"column":17},"end":{"line":94,"column":38}},"42":{"start":{"line":95,"column":2},"end":{"line":95,"column":44}},"43":{"start":{"line":96,"column":2},"end":{"line":96,"column":52}},"44":{"start":{"line":97,"column":2},"end":{"line":97,"column":47}},"45":{"start":{"line":98,"column":2},"end":{"line":98,"column":52}},"46":{"start":{"line":99,"column":2},"end":{"line":99,"column":50}},"47":{"start":{"line":101,"column":2},"end":{"line":101,"column":38}},"48":{"start":{"line":105,"column":2},"end":{"line":105,"column":50}},"49":{"start":{"line":109,"column":17},"end":{"line":109,"column":31}},"50":{"start":{"line":110,"column":19},"end":{"line":110,"column":20}},"51":{"start":{"line":111,"column":2},"end":{"line":111,"column":29}},"52":{"start":{"line":113,"column":2},"end":{"line":123,"column":43}},"53":{"start":{"line":114,"column":3},"end":{"line":120,"column":6}},"54":{"start":{"line":122,"column":3},"end":{"line":122,"column":34}},"55":{"start":{"line":122,"column":21},"end":{"line":122,"column":34}},"56":{"start":{"line":125,"column":2},"end":{"line":125,"column":24}},"57":{"start":{"line":127,"column":16},"end":{"line":127,"column":37}},"58":{"start":{"line":128,"column":2},"end":{"line":128,"column":51}},"59":{"start":{"line":130,"column":2},"end":{"line":130,"column":14}},"60":{"start":{"line":134,"column":19},"end":{"line":134,"column":35}},"61":{"start":{"line":135,"column":2},"end":{"line":141,"column":3}},"62":{"start":{"line":136,"column":3},"end":{"line":136,"column":24}},"63":{"start":{"line":137,"column":9},"end":{"line":141,"column":3}},"64":{"start":{"line":138,"column":3},"end":{"line":138,"column":23}},"65":{"start":{"line":139,"column":9},"end":{"line":141,"column":3}},"66":{"start":{"line":140,"column":3},"end":{"line":140,"column":27}},"67":{"start":{"line":149,"column":2},"end":{"line":154,"column":3}},"68":{"start":{"line":150,"column":3},"end":{"line":153,"column":5}},"69":{"start":{"line":156,"column":2},"end":{"line":161,"column":3}},"70":{"start":{"line":157,"column":3},"end":{"line":160,"column":5}},"71":{"start":{"line":165,"column":20},"end":{"line":165,"column":49}},"72":{"start":{"line":166,"column":2},"end":{"line":166,"column":44}},"73":{"start":{"line":167,"column":2},"end":{"line":167,"column":46}},"74":{"start":{"line":168,"column":2},"end":{"line":168,"column":65}},"75":{"start":{"line":15,"column":0},"end":{"line":15,"column":13}}},"fnMap":{"0":{"name":"(anonymous_8)","decl":{"start":{"line":25,"column":1},"end":{"line":25,"column":null}},"loc":{"start":{"line":30,"column":18},"end":{"line":41,"column":2}}},"1":{"name":"(anonymous_9)","decl":{"start":{"line":43,"column":1},"end":{"line":43,"column":10}},"loc":{"start":{"line":43,"column":39},"end":{"line":53,"column":2}}},"2":{"name":"(anonymous_10)","decl":{"start":{"line":55,"column":7},"end":{"line":55,"column":21}},"loc":{"start":{"line":55,"column":35},"end":{"line":77,"column":null}}},"3":{"name":"(anonymous_12)","decl":{"start":{"line":79,"column":7},"end":{"line":79,"column":27}},"loc":{"start":{"line":79,"column":40},"end":{"line":88,"column":null}}},"4":{"name":"(anonymous_14)","decl":{"start":{"line":90,"column":7},"end":{"line":90,"column":25}},"loc":{"start":{"line":90,"column":25},"end":{"line":102,"column":null}}},"5":{"name":"(anonymous_16)","decl":{"start":{"line":104,"column":1},"end":{"line":104,"column":15}},"loc":{"start":{"line":104,"column":15},"end":{"line":106,"column":2}}},"6":{"name":"(anonymous_17)","decl":{"start":{"line":108,"column":15},"end":{"line":108,"column":25}},"loc":{"start":{"line":108,"column":49},"end":{"line":131,"column":null}}},"7":{"name":"(anonymous_19)","decl":{"start":{"line":133,"column":9},"end":{"line":133,"column":20}},"loc":{"start":{"line":133,"column":32},"end":{"line":142,"column":2}}},"8":{"name":"(anonymous_20)","decl":{"start":{"line":144,"column":9},"end":{"line":144,"column":24}},"loc":{"start":{"line":147,"column":20},"end":{"line":162,"column":2}}},"9":{"name":"(anonymous_21)","decl":{"start":{"line":164,"column":15},"end":{"line":164,"column":31}},"loc":{"start":{"line":164,"column":55},"end":{"line":169,"column":null}}}},"branchMap":{"0":{"loc":{"start":{"line":56,"column":2},"end":{"line":64,"column":3}},"type":"if","locations":[{"start":{"line":56,"column":2},"end":{"line":64,"column":3}}]},"1":{"loc":{"start":{"line":57,"column":3},"end":{"line":60,"column":6}},"type":"if","locations":[{"start":{"line":57,"column":3},"end":{"line":60,"column":6}}]},"2":{"loc":{"start":{"line":66,"column":2},"end":{"line":74,"column":3}},"type":"if","locations":[{"start":{"line":66,"column":2},"end":{"line":74,"column":3}}]},"3":{"loc":{"start":{"line":91,"column":2},"end":{"line":92,"column":74}},"type":"if","locations":[{"start":{"line":91,"column":2},"end":{"line":92,"column":74}}]},"4":{"loc":{"start":{"line":105,"column":24},"end":{"line":105,"column":48}},"type":"cond-expr","locations":[{"start":{"line":105,"column":43},"end":{"line":105,"column":47}},{"start":{"line":105,"column":47},"end":{"line":105,"column":48}}]},"5":{"loc":{"start":{"line":105,"column":24},"end":{"line":105,"column":47}},"type":"binary-expr","locations":[{"start":{"line":105,"column":24},"end":{"line":105,"column":47}},{"start":{"line":105,"column":43},"end":{"line":105,"column":47}}]},"6":{"loc":{"start":{"line":122,"column":3},"end":{"line":122,"column":34}},"type":"if","locations":[{"start":{"line":122,"column":3},"end":{"line":122,"column":34}}]},"7":{"loc":{"start":{"line":123,"column":11},"end":{"line":123,"column":41}},"type":"binary-expr","locations":[{"start":{"line":123,"column":11},"end":{"line":123,"column":23}},{"start":{"line":123,"column":27},"end":{"line":123,"column":41}}]},"8":{"loc":{"start":{"line":135,"column":2},"end":{"line":141,"column":3}},"type":"if","locations":[{"start":{"line":135,"column":2},"end":{"line":141,"column":3}},{"start":{"line":137,"column":9},"end":{"line":141,"column":3}}]},"9":{"loc":{"start":{"line":137,"column":9},"end":{"line":141,"column":3}},"type":"if","locations":[{"start":{"line":137,"column":9},"end":{"line":141,"column":3}},{"start":{"line":139,"column":9},"end":{"line":141,"column":3}}]},"10":{"loc":{"start":{"line":139,"column":9},"end":{"line":141,"column":3}},"type":"if","locations":[{"start":{"line":139,"column":9},"end":{"line":141,"column":3}}]},"11":{"loc":{"start":{"line":149,"column":2},"end":{"line":154,"column":3}},"type":"if","locations":[{"start":{"line":149,"column":2},"end":{"line":154,"column":3}}]},"12":{"loc":{"start":{"line":156,"column":2},"end":{"line":161,"column":3}},"type":"if","locations":[{"start":{"line":156,"column":2},"end":{"line":161,"column":3}}]}},"s":{"0":1,"1":1,"2":1,"3":1,"4":1,"5":5,"6":5,"7":5,"8":5,"9":5,"10":5,"11":5,"12":5,"13":0,"14":0,"15":0,"16":0,"17":0,"18":0,"19":0,"20":0,"21":4,"22":2,"23":1,"24":1,"25":1,"26":2,"27":1,"28":1,"29":0,"30":1,"31":1,"32":1,"33":1,"34":1,"35":1,"36":1,"37":1,"38":1,"39":2,"40":1,"41":1,"42":1,"43":1,"44":1,"45":1,"46":1,"47":1,"48":1,"49":2,"50":2,"51":2,"52":2,"53":2,"54":2,"55":0,"56":2,"57":2,"58":2,"59":2,"60":0,"61":0,"62":0,"63":0,"64":0,"65":0,"66":0,"67":2,"68":0,"69":2,"70":0,"71":2,"72":2,"73":2,"74":2,"75":1},"f":{"0":5,"1":0,"2":4,"3":1,"4":2,"5":1,"6":2,"7":0,"8":2,"9":2},"b":{"0":[2],"1":[1],"2":[1],"3":[1],"4":[1,0],"5":[1,1],"6":[0],"7":[2,0],"8":[0,0],"9":[0,0],"10":[0],"11":[0],"12":[0]}}
,"C:\\Users\\alext\\webhook-handler\\src\\mocks\\mock-server.ts": {"path":"C:\\Users\\alext\\webhook-handler\\src\\mocks\\mock-server.ts","statementMap":{"0":{"start":{"line":1,"column":0},"end":{"line":1,"column":41}},"1":{"start":{"line":2,"column":0},"end":{"line":2,"column":39}},"2":{"start":{"line":3,"column":0},"end":{"line":3,"column":76}},"3":{"start":{"line":5,"column":17},"end":{"line":19,"column":1}},"4":{"start":{"line":6,"column":1},"end":{"line":18,"column":3}},"5":{"start":{"line":21,"column":13},"end":{"line":24,"column":2}},"6":{"start":{"line":26,"column":13},"end":{"line":26,"column":51}}},"fnMap":{"0":{"name":"(anonymous_0)","decl":{"start":{"line":5,"column":17},"end":{"line":5,"column":20}},"loc":{"start":{"line":5,"column":22},"end":{"line":19,"column":1}}}},"branchMap":{},"s":{"0":1,"1":1,"2":1,"3":1,"4":2,"5":1,"6":1},"f":{"0":2},"b":{}}
,"C:\\Users\\alext\\webhook-handler\\src\\utils\\constants.ts": {"path":"C:\\Users\\alext\\webhook-handler\\src\\utils\\constants.ts","statementMap":{"0":{"start":{"line":1,"column":0},"end":{"line":1,"column":33}},"1":{"start":{"line":3,"column":0},"end":{"line":3,"column":16}},"2":{"start":{"line":5,"column":13},"end":{"line":9,"column":6}},"3":{"start":{"line":8,"column":2},"end":{"line":8,"column":76}},"4":{"start":{"line":11,"column":13},"end":{"line":17,"column":6}},"5":{"start":{"line":14,"column":2},"end":{"line":16,"column":4}},"6":{"start":{"line":19,"column":13},"end":{"line":25,"column":6}},"7":{"start":{"line":22,"column":2},"end":{"line":24,"column":4}},"8":{"start":{"line":27,"column":13},"end":{"line":31,"column":6}},"9":{"start":{"line":30,"column":2},"end":{"line":30,"column":76}},"10":{"start":{"line":33,"column":13},"end":{"line":39,"column":6}},"11":{"start":{"line":36,"column":2},"end":{"line":38,"column":4}}},"fnMap":{"0":{"name":"(anonymous_6)","decl":{"start":{"line":7,"column":2},"end":{"line":7,"column":5}},"loc":{"start":{"line":7,"column":7},"end":{"line":9,"column":2}}},"1":{"name":"(anonymous_7)","decl":{"start":{"line":13,"column":2},"end":{"line":13,"column":5}},"loc":{"start":{"line":13,"column":7},"end":{"line":17,"column":2}}},"2":{"name":"(anonymous_8)","decl":{"start":{"line":21,"column":2},"end":{"line":21,"column":5}},"loc":{"start":{"line":21,"column":7},"end":{"line":25,"column":2}}},"3":{"name":"(anonymous_9)","decl":{"start":{"line":29,"column":2},"end":{"line":29,"column":5}},"loc":{"start":{"line":29,"column":7},"end":{"line":31,"column":2}}},"4":{"name":"(anonymous_10)","decl":{"start":{"line":35,"column":2},"end":{"line":35,"column":5}},"loc":{"start":{"line":35,"column":7},"end":{"line":39,"column":2}}}},"branchMap":{"0":{"loc":{"start":{"line":6,"column":1},"end":{"line":9,"column":5}},"type":"cond-expr","locations":[{"start":{"line":6,"column":31},"end":{"line":6,"column":null}},{"start":{"line":7,"column":1},"end":{"line":9,"column":5}}]},"1":{"loc":{"start":{"line":6,"column":1},"end":{"line":6,"column":null}},"type":"binary-expr","locations":[{"start":{"line":6,"column":1},"end":{"line":6,"column":null}},{"start":{"line":6,"column":31},"end":{"line":6,"column":null}}]},"2":{"loc":{"start":{"line":12,"column":1},"end":{"line":17,"column":5}},"type":"cond-expr","locations":[{"start":{"line":12,"column":35},"end":{"line":12,"column":null}},{"start":{"line":13,"column":1},"end":{"line":17,"column":5}}]},"3":{"loc":{"start":{"line":12,"column":1},"end":{"line":12,"column":null}},"type":"binary-expr","locations":[{"start":{"line":12,"column":1},"end":{"line":12,"column":null}},{"start":{"line":12,"column":35},"end":{"line":12,"column":null}}]},"4":{"loc":{"start":{"line":20,"column":1},"end":{"line":25,"column":5}},"type":"cond-expr","locations":[{"start":{"line":20,"column":34},"end":{"line":20,"column":null}},{"start":{"line":21,"column":1},"end":{"line":25,"column":5}}]},"5":{"loc":{"start":{"line":20,"column":1},"end":{"line":20,"column":null}},"type":"binary-expr","locations":[{"start":{"line":20,"column":1},"end":{"line":20,"column":null}},{"start":{"line":20,"column":34},"end":{"line":20,"column":null}}]},"6":{"loc":{"start":{"line":28,"column":1},"end":{"line":31,"column":5}},"type":"cond-expr","locations":[{"start":{"line":28,"column":31},"end":{"line":28,"column":null}},{"start":{"line":29,"column":1},"end":{"line":31,"column":5}}]},"7":{"loc":{"start":{"line":28,"column":1},"end":{"line":28,"column":null}},"type":"binary-expr","locations":[{"start":{"line":28,"column":1},"end":{"line":28,"column":null}},{"start":{"line":28,"column":31},"end":{"line":28,"column":null}}]},"8":{"loc":{"start":{"line":34,"column":1},"end":{"line":39,"column":5}},"type":"cond-expr","locations":[{"start":{"line":34,"column":35},"end":{"line":34,"column":null}},{"start":{"line":35,"column":1},"end":{"line":39,"column":5}}]},"9":{"loc":{"start":{"line":34,"column":1},"end":{"line":34,"column":null}},"type":"binary-expr","locations":[{"start":{"line":34,"column":1},"end":{"line":34,"column":null}},{"start":{"line":34,"column":35},"end":{"line":34,"column":null}}]}},"s":{"0":1,"1":1,"2":1,"3":0,"4":1,"5":0,"6":1,"7":0,"8":1,"9":0,"10":1,"11":0},"f":{"0":0,"1":0,"2":0,"3":0,"4":0},"b":{"0":[1,0],"1":[1,1],"2":[1,0],"3":[1,1],"4":[1,0],"5":[1,1],"6":[1,0],"7":[1,1],"8":[1,0],"9":[1,1]}}
}
