TN:
SF:src\backend\errors.ts
FN:6,(anonymous_0)
FNF:1
FNH:0
FNDA:0,(anonymous_0)
DA:3,1
DA:7,0
DA:8,0
DA:9,0
LF:4
LH:1
BRF:0
BRH:0
end_of_record
TN:
SF:src\backend\logger.ts
FN:5,(anonymous_0)
FN:14,(anonymous_1)
FN:21,(anonymous_2)
FN:26,(anonymous_3)
FN:31,(anonymous_4)
FN:35,(anonymous_5)
FN:39,(anonymous_6)
FNF:7
FNH:7
FNDA:1,(anonymous_0)
FNDA:6,(anonymous_1)
FNDA:3,(anonymous_2)
FNDA:1,(anonymous_3)
FNDA:6,(anonymous_4)
FNDA:4,(anonymous_5)
FNDA:4,(anonymous_6)
DA:1,1
DA:6,1
DA:7,1
DA:8,1
DA:11,1
DA:15,6
DA:16,1
DA:18,6
DA:22,3
DA:23,3
DA:27,1
DA:28,1
DA:32,6
DA:36,4
DA:40,4
DA:41,4
DA:43,4
LF:17
LH:17
BRDA:15,0,0,1
BRF:1
BRH:1
end_of_record
TN:
SF:src\backend\oauth2-auth-service.ts
FN:25,(anonymous_8)
FN:43,(anonymous_9)
FN:55,(anonymous_10)
FN:79,(anonymous_12)
FN:92,(anonymous_14)
FN:108,(anonymous_16)
FN:112,(anonymous_17)
FN:134,(anonymous_19)
FN:145,(anonymous_20)
FNF:9
FNH:4
FNDA:4,(anonymous_8)
FNDA:0,(anonymous_9)
FNDA:3,(anonymous_10)
FNDA:1,(anonymous_12)
FNDA:2,(anonymous_14)
FNDA:0,(anonymous_16)
FNDA:0,(anonymous_17)
FNDA:0,(anonymous_19)
FNDA:0,(anonymous_20)
DA:2,1
DA:3,1
DA:4,1
DA:5,1
DA:6,1
DA:15,1
DA:32,4
DA:33,4
DA:34,4
DA:35,4
DA:36,4
DA:38,4
DA:39,4
DA:40,4
DA:44,0
DA:45,0
DA:46,0
DA:47,0
DA:48,0
DA:49,0
DA:51,0
DA:52,0
DA:56,3
DA:57,2
DA:58,1
DA:62,1
DA:63,1
DA:66,1
DA:67,1
DA:68,1
DA:70,1
DA:73,1
DA:76,0
DA:80,1
DA:81,1
DA:82,1
DA:83,1
DA:84,1
DA:85,1
DA:87,1
DA:88,1
DA:89,1
DA:93,2
DA:94,2
DA:96,0
DA:97,0
DA:98,0
DA:99,0
DA:100,0
DA:101,0
DA:103,0
DA:104,0
DA:105,0
DA:109,0
DA:113,0
DA:114,0
DA:116,0
DA:117,0
DA:125,0
DA:128,0
DA:129,0
DA:131,0
DA:135,0
DA:136,0
DA:137,0
DA:138,0
DA:139,0
DA:140,0
DA:141,0
DA:150,0
DA:151,0
DA:157,0
DA:158,0
LF:73
LH:35
BRDA:56,0,0,2
BRDA:57,1,0,1
BRDA:66,2,0,1
BRDA:93,3,0,2
BRDA:109,4,0,0
BRDA:109,4,1,0
BRDA:109,5,0,0
BRDA:109,5,1,0
BRDA:125,6,0,0
BRDA:136,7,0,0
BRDA:136,7,1,0
BRDA:138,8,0,0
BRDA:138,8,1,0
BRDA:140,9,0,0
BRDA:150,10,0,0
BRDA:157,11,0,0
BRF:16
BRH:4
end_of_record
