TN:
SF:src\backend\errors.ts
FN:6,(anonymous_0)
FNF:1
FNH:0
FNDA:0,(anonymous_0)
DA:3,1
DA:7,0
DA:8,0
DA:9,0
LF:4
LH:1
BRF:0
BRH:0
end_of_record
TN:
SF:src\backend\logger.ts
FN:5,(anonymous_0)
FN:14,(anonymous_1)
FN:21,(anonymous_2)
FN:26,(anonymous_3)
FN:31,(anonymous_4)
FN:35,(anonymous_5)
FN:39,(anonymous_6)
FNF:7
FNH:7
FNDA:1,(anonymous_0)
FNDA:6,(anonymous_1)
FNDA:3,(anonymous_2)
FNDA:1,(anonymous_3)
FNDA:6,(anonymous_4)
FNDA:4,(anonymous_5)
FNDA:4,(anonymous_6)
DA:1,1
DA:6,1
DA:7,1
DA:8,1
DA:11,1
DA:15,6
DA:16,1
DA:18,6
DA:22,3
DA:23,3
DA:27,1
DA:28,1
DA:32,6
DA:36,4
DA:40,4
DA:41,4
DA:43,4
LF:17
LH:17
BRDA:15,0,0,1
BRF:1
BRH:1
end_of_record
TN:
SF:src\backend\oauth2-auth-service.ts
FN:25,(anonymous_8)
FN:43,(anonymous_9)
FN:55,(anonymous_10)
FN:79,(anonymous_12)
FN:90,(anonymous_14)
FN:104,(anonymous_16)
FN:108,(anonymous_17)
FN:133,(anonymous_19)
FN:144,(anonymous_20)
FN:164,(anonymous_21)
FNF:10
FNH:8
FNDA:5,(anonymous_8)
FNDA:0,(anonymous_9)
FNDA:4,(anonymous_10)
FNDA:1,(anonymous_12)
FNDA:2,(anonymous_14)
FNDA:1,(anonymous_16)
FNDA:2,(anonymous_17)
FNDA:0,(anonymous_19)
FNDA:2,(anonymous_20)
FNDA:2,(anonymous_21)
DA:2,1
DA:3,1
DA:4,1
DA:5,1
DA:6,1
DA:15,1
DA:32,5
DA:33,5
DA:34,5
DA:35,5
DA:36,5
DA:38,5
DA:39,5
DA:40,5
DA:44,0
DA:45,0
DA:46,0
DA:47,0
DA:48,0
DA:49,0
DA:51,0
DA:52,0
DA:56,4
DA:57,2
DA:58,1
DA:62,1
DA:63,1
DA:66,2
DA:67,1
DA:68,1
DA:70,0
DA:73,1
DA:76,1
DA:80,1
DA:81,1
DA:82,1
DA:83,1
DA:84,1
DA:85,1
DA:87,1
DA:91,2
DA:92,1
DA:94,1
DA:95,1
DA:96,1
DA:97,1
DA:98,1
DA:99,1
DA:101,1
DA:105,1
DA:109,2
DA:110,2
DA:111,2
DA:113,2
DA:114,2
DA:122,2
DA:125,2
DA:127,2
DA:128,2
DA:130,2
DA:134,0
DA:135,0
DA:136,0
DA:137,0
DA:138,0
DA:139,0
DA:140,0
DA:149,2
DA:150,0
DA:156,2
DA:157,0
DA:165,2
DA:166,2
DA:167,2
DA:168,2
LF:75
LH:57
BRDA:56,0,0,2
BRDA:57,1,0,1
BRDA:66,2,0,1
BRDA:91,3,0,1
BRDA:105,4,0,1
BRDA:105,4,1,0
BRDA:105,5,0,1
BRDA:105,5,1,1
BRDA:122,6,0,0
BRDA:123,7,0,2
BRDA:123,7,1,0
BRDA:135,8,0,0
BRDA:135,8,1,0
BRDA:137,9,0,0
BRDA:137,9,1,0
BRDA:139,10,0,0
BRDA:149,11,0,0
BRDA:156,12,0,0
BRF:18
BRH:8
end_of_record
TN:
SF:src\mocks\mock-server.ts
FN:5,(anonymous_0)
FNF:1
FNH:1
FNDA:2,(anonymous_0)
DA:1,1
DA:2,1
DA:3,1
DA:5,1
DA:6,2
DA:21,1
DA:26,1
LF:7
LH:7
BRF:0
BRH:0
end_of_record
TN:
SF:src\utils\constants.ts
FN:7,(anonymous_6)
FN:13,(anonymous_7)
FN:21,(anonymous_8)
FN:29,(anonymous_9)
FN:35,(anonymous_10)
FNF:5
FNH:0
FNDA:0,(anonymous_6)
FNDA:0,(anonymous_7)
FNDA:0,(anonymous_8)
FNDA:0,(anonymous_9)
FNDA:0,(anonymous_10)
DA:1,1
DA:3,1
DA:5,1
DA:8,0
DA:11,1
DA:14,0
DA:19,1
DA:22,0
DA:27,1
DA:30,0
DA:33,1
DA:36,0
LF:12
LH:7
BRDA:6,0,0,1
BRDA:6,0,1,0
BRDA:6,1,0,1
BRDA:6,1,1,1
BRDA:12,2,0,1
BRDA:12,2,1,0
BRDA:12,3,0,1
BRDA:12,3,1,1
BRDA:20,4,0,1
BRDA:20,4,1,0
BRDA:20,5,0,1
BRDA:20,5,1,1
BRDA:28,6,0,1
BRDA:28,6,1,0
BRDA:28,7,0,1
BRDA:28,7,1,1
BRDA:34,8,0,1
BRDA:34,8,1,0
BRDA:34,9,0,1
BRDA:34,9,1,1
BRF:20
BRH:15
end_of_record
